<?xml version="1.0" encoding="UTF-8"?>
<!-- Generated by org.testng.reporters.JUnitReportReporter -->
<testsuite name="com.poc.AppTest" tests="1" time="0.000" ignored="0" failures="0" timestamp="13 Nov 2017 00:16:08 GMT" skipped="0" hostname="L-156059258" errors="0">
  <testcase name="testApp" time="0.000" classname="com.poc.AppTest"/>
</testsuite> <!-- com.poc.AppTest -->
